2024-10-31 21:16:11 INFO  InvoiceServiceImpl:79 - Calculating total amount of invoices between dates: 2024-10-31T21:16:11.450+0100 and 2024-10-31T21:16:11.450+0100
2024-10-31 21:16:11 INFO  InvoiceServiceImpl:66 - Assigning operator with ID: 1 to invoice with ID: 1
2024-10-31 21:16:11 INFO  InvoiceServiceImpl:74 - Operator with ID: 1 has been assigned to invoice with ID: 1
2024-10-31 21:16:11 INFO  InvoiceServiceImpl:58 - Retrieving invoices for supplier with ID: 1
2024-10-31 21:16:11 INFO  InvoiceServiceImpl:51 - Retrieving invoice with ID: 1
2024-10-31 21:16:11 INFO  InvoiceServiceImpl:37 - Cancelling invoice with ID: 1
2024-10-31 21:16:11 INFO  InvoiceServiceImpl:46 - Invoice with ID: 1 has been cancelled
2024-10-31 21:16:11 INFO  InvoiceServiceImpl:31 - Retrieving all invoices
2024-10-31 21:16:11 INFO  InvoiceServiceImpl:37 - Cancelling invoice with ID: 1
2024-10-31 21:16:11 INFO  InvoiceServiceImpl:58 - Retrieving invoices for supplier with ID: 1
2024-10-31 21:18:46 INFO  InvoiceServiceImpl:79 - Calculating total amount of invoices between dates: 2024-10-31T21:18:45.999+0100 and 2024-10-31T21:18:45.999+0100
2024-10-31 21:18:46 INFO  InvoiceServiceImpl:66 - Assigning operator with ID: 1 to invoice with ID: 1
2024-10-31 21:18:46 INFO  InvoiceServiceImpl:74 - Operator with ID: 1 has been assigned to invoice with ID: 1
2024-10-31 21:18:46 INFO  InvoiceServiceImpl:58 - Retrieving invoices for supplier with ID: 1
2024-10-31 21:18:46 INFO  InvoiceServiceImpl:51 - Retrieving invoice with ID: 1
2024-10-31 21:18:46 INFO  InvoiceServiceImpl:37 - Cancelling invoice with ID: 1
2024-10-31 21:18:46 INFO  InvoiceServiceImpl:46 - Invoice with ID: 1 has been cancelled
2024-10-31 21:18:46 INFO  InvoiceServiceImpl:31 - Retrieving all invoices
2024-10-31 21:18:46 INFO  InvoiceServiceImpl:37 - Cancelling invoice with ID: 1
2024-10-31 21:18:46 INFO  InvoiceServiceImpl:58 - Retrieving invoices for supplier with ID: 1
2024-10-31 22:23:05 INFO  InvoiceServiceImpl:79 - Calculating total amount of invoices between dates: 2024-10-31T22:23:05.127+0100 and 2024-10-31T22:23:05.127+0100
2024-10-31 22:23:05 INFO  InvoiceServiceImpl:66 - Assigning operator with ID: 1 to invoice with ID: 1
2024-10-31 22:23:05 INFO  InvoiceServiceImpl:74 - Operator with ID: 1 has been assigned to invoice with ID: 1
2024-10-31 22:23:05 INFO  InvoiceServiceImpl:58 - Retrieving invoices for supplier with ID: 1
2024-10-31 22:23:05 INFO  InvoiceServiceImpl:51 - Retrieving invoice with ID: 1
2024-10-31 22:23:05 INFO  InvoiceServiceImpl:37 - Cancelling invoice with ID: 1
2024-10-31 22:23:05 INFO  InvoiceServiceImpl:46 - Invoice with ID: 1 has been cancelled
2024-10-31 22:23:05 INFO  InvoiceServiceImpl:31 - Retrieving all invoices
2024-10-31 22:23:05 INFO  InvoiceServiceImpl:37 - Cancelling invoice with ID: 1
2024-10-31 22:23:05 INFO  InvoiceServiceImpl:58 - Retrieving invoices for supplier with ID: 1
2024-10-31 22:34:32 INFO  InvoiceServiceImpl:79 - Calculating total amount of invoices between dates: 2024-10-31T22:34:32.703+0100 and 2024-10-31T22:34:32.703+0100
2024-10-31 22:34:32 INFO  InvoiceServiceImpl:66 - Assigning operator with ID: 1 to invoice with ID: 1
2024-10-31 22:34:32 INFO  InvoiceServiceImpl:74 - Operator with ID: 1 has been assigned to invoice with ID: 1
2024-10-31 22:34:32 INFO  InvoiceServiceImpl:58 - Retrieving invoices for supplier with ID: 1
2024-10-31 22:34:32 INFO  InvoiceServiceImpl:51 - Retrieving invoice with ID: 1
2024-10-31 22:34:32 INFO  InvoiceServiceImpl:37 - Cancelling invoice with ID: 1
2024-10-31 22:34:32 INFO  InvoiceServiceImpl:46 - Invoice with ID: 1 has been cancelled
2024-10-31 22:34:32 INFO  InvoiceServiceImpl:31 - Retrieving all invoices
2024-10-31 22:34:32 INFO  InvoiceServiceImpl:37 - Cancelling invoice with ID: 1
2024-10-31 22:34:32 INFO  InvoiceServiceImpl:58 - Retrieving invoices for supplier with ID: 1
